{"uid":"e867a1b63e7d5ed6","name":"User should get validation error for negative pagination parameters","fullName":"com.example.teamcity.api.ProjectSearchTest.userShouldGetValidationErrorForNegativePaginationTest","historyId":"3326ff6da440e473addc093de7f5be3e","time":{"start":1743280529214,"stop":1743280529246,"duration":32},"status":"failed","statusMessage":"1 expectation failed.\nResponse body doesn't match expectation.\nExpected: a string containing \"Invalid pagination parameters\"\n  Actual: Responding with error, status code: 400 (Bad Request).\nDetails: jetbrains.buildServer.server.rest.errors.LocatorProcessException: Invalid locator. Cannot be empty.\nInvalid request. Check locator is specified correctly.\n","statusTrace":"java.lang.AssertionError: 1 expectation failed.\nResponse body doesn't match expectation.\nExpected: a string containing \"Invalid pagination parameters\"\n  Actual: Responding with error, status code: 400 (Bad Request).\nDetails: jetbrains.buildServer.server.rest.errors.LocatorProcessException: Invalid locator. Cannot be empty.\nInvalid request. Check locator is specified correctly.\n\n\tat java.base/jdk.internal.reflect.GeneratedConstructorAccessor70.newInstance(Unknown Source)\n\tat java.base/jdk.internal.reflect.DelegatingConstructorAccessorImpl.newInstance(DelegatingConstructorAccessorImpl.java:45)\n\tat java.base/java.lang.reflect.Constructor.newInstanceWithCaller(Constructor.java:500)\n\tat java.base/java.lang.reflect.Constructor.newInstance(Constructor.java:481)\n\tat org.codehaus.groovy.reflection.CachedConstructor.invoke(CachedConstructor.java:73)\n\tat org.codehaus.groovy.runtime.callsite.ConstructorSite$ConstructorSiteNoUnwrapNoCoerce.callConstructor(ConstructorSite.java:108)\n\tat org.codehaus.groovy.runtime.callsite.AbstractCallSite.callConstructor(AbstractCallSite.java:277)\n\tat io.restassured.internal.ResponseSpecificationImpl$HamcrestAssertionClosure.validate(ResponseSpecificationImpl.groovy:512)\n\tat io.restassured.internal.ResponseSpecificationImpl$HamcrestAssertionClosure$validate$1.call(Unknown Source)\n\tat io.restassured.internal.ResponseSpecificationImpl.validate(ResponseSpecificationImpl.groovy:101)\n\tat io.restassured.internal.ValidatableResponseOptionsImpl.spec(ValidatableResponseOptionsImpl.java:288)\n\tat com.example.teamcity.api.ProjectSearchTest.userShouldGetValidationErrorForNegativePaginationTest(ProjectSearchTest.java:232)\n\tat java.base/jdk.internal.reflect.NativeMethodAccessorImpl.invoke0(Native Method)\n\tat java.base/jdk.internal.reflect.NativeMethodAccessorImpl.invoke(NativeMethodAccessorImpl.java:77)\n\tat java.base/jdk.internal.reflect.DelegatingMethodAccessorImpl.invoke(DelegatingMethodAccessorImpl.java:43)\n\tat java.base/java.lang.reflect.Method.invoke(Method.java:569)\n\tat org.testng.internal.invokers.MethodInvocationHelper.invokeMethod(MethodInvocationHelper.java:141)\n\tat org.testng.internal.invokers.TestInvoker.invokeMethod(TestInvoker.java:686)\n\tat org.testng.internal.invokers.TestInvoker.invokeTestMethod(TestInvoker.java:230)\n\tat org.testng.internal.invokers.MethodRunner.runInSequence(MethodRunner.java:63)\n\tat org.testng.internal.invokers.TestInvoker$MethodInvocationAgent.invoke(TestInvoker.java:992)\n\tat org.testng.internal.invokers.TestInvoker.invokeTestMethods(TestInvoker.java:203)\n\tat org.testng.internal.invokers.TestMethodWorker.invokeTestMethods(TestMethodWorker.java:154)\n\tat org.testng.internal.invokers.TestMethodWorker.run(TestMethodWorker.java:134)\n\tat java.base/java.util.ArrayList.forEach(ArrayList.java:1511)\n\tat org.testng.TestRunner.privateRun(TestRunner.java:739)\n\tat org.testng.TestRunner.run(TestRunner.java:614)\n\tat org.testng.SuiteRunner.runTest(SuiteRunner.java:421)\n\tat org.testng.SuiteRunner.runSequentially(SuiteRunner.java:413)\n\tat org.testng.SuiteRunner.privateRun(SuiteRunner.java:373)\n\tat org.testng.SuiteRunner.run(SuiteRunner.java:312)\n\tat org.testng.SuiteRunnerWorker.runSuite(SuiteRunnerWorker.java:52)\n\tat org.testng.SuiteRunnerWorker.run(SuiteRunnerWorker.java:95)\n\tat org.testng.TestNG.runSuitesSequentially(TestNG.java:1274)\n\tat org.testng.TestNG.runSuitesLocally(TestNG.java:1208)\n\tat org.testng.TestNG.runSuites(TestNG.java:1112)\n\tat org.testng.TestNG.run(TestNG.java:1079)\n\tat org.apache.maven.surefire.testng.TestNGExecutor.run(TestNGExecutor.java:155)\n\tat org.apache.maven.surefire.testng.TestNGDirectoryTestSuite.executeMulti(TestNGDirectoryTestSuite.java:169)\n\tat org.apache.maven.surefire.testng.TestNGDirectoryTestSuite.execute(TestNGDirectoryTestSuite.java:88)\n\tat org.apache.maven.surefire.testng.TestNGProvider.invoke(TestNGProvider.java:137)\n\tat org.apache.maven.surefire.booter.ForkedBooter.runSuitesInProcess(ForkedBooter.java:385)\n\tat org.apache.maven.surefire.booter.ForkedBooter.execute(ForkedBooter.java:162)\n\tat org.apache.maven.surefire.booter.ForkedBooter.run(ForkedBooter.java:507)\n\tat org.apache.maven.surefire.booter.ForkedBooter.main(ForkedBooter.java:495)\n","flaky":false,"newFailed":false,"newBroken":false,"newPassed":false,"retriesCount":0,"retriesStatusChange":false,"beforeStages":[{"name":"beforeTest","time":{"start":1743280529190,"stop":1743280529191,"duration":1},"description":"","status":"passed","steps":[],"attachments":[],"parameters":[],"shouldDisplayMessage":false,"stepsCount":0,"attachmentsCount":0,"hasContent":false},{"name":"configureUserRequests","time":{"start":1743280529191,"stop":1743280529213,"duration":22},"description":"","status":"passed","steps":[],"attachments":[],"parameters":[],"shouldDisplayMessage":false,"stepsCount":0,"attachmentsCount":0,"hasContent":false}],"afterStages":[{"name":"afterTest","time":{"start":1743280529247,"stop":1743280529256,"duration":9},"description":"","status":"passed","steps":[],"attachments":[],"parameters":[],"shouldDisplayMessage":false,"stepsCount":0,"attachmentsCount":0,"hasContent":false}],"labels":[{"name":"package","value":"com.example.teamcity.api.ProjectSearchTest"},{"name":"testClass","value":"com.example.teamcity.api.ProjectSearchTest"},{"name":"testMethod","value":"userShouldGetValidationErrorForNegativePaginationTest"},{"name":"parentSuite","value":"Surefire suite"},{"name":"suite","value":"Surefire test"},{"name":"subSuite","value":"com.example.teamcity.api.ProjectSearchTest"},{"name":"host","value":"fv-az1909-454"},{"name":"thread","value":"4118@fv-az1909-454.main(1)"},{"name":"framework","value":"testng"},{"name":"language","value":"java"},{"name":"feature","value":"Search Projects"},{"name":"story","value":"Search with pagination using negative count and start parameters"},{"name":"feature","value":"Project Search"},{"name":"resultFormat","value":"allure2"}],"parameters":[],"links":[],"hidden":false,"retry":false,"extra":{"severity":"normal","retries":[],"categories":[{"name":"Product defects","matchedStatuses":[],"flaky":false}],"history":{"statistic":{"failed":6,"broken":0,"skipped":0,"passed":0,"unknown":0,"total":6},"items":[{"uid":"bfe9ac86553de5bd","reportUrl":"https://ta-ulyanava.github.io/JAVA-teamcity-tests-homeTask/api/35//#testresult/bfe9ac86553de5bd","status":"failed","statusDetails":"1 expectation failed.\nResponse body doesn't match expectation.\nExpected: a string containing \"Invalid pagination parameters\"\n  Actual: Responding with error, status code: 400 (Bad Request).\nDetails: jetbrains.buildServer.server.rest.errors.LocatorProcessException: Invalid locator. Cannot be empty.\nInvalid request. Check locator is specified correctly.\n","time":{"start":1743278627830,"stop":1743278627848,"duration":18}},{"uid":"cb4606a955db08b4","reportUrl":"https://ta-ulyanava.github.io/JAVA-teamcity-tests-homeTask/api/34//#testresult/cb4606a955db08b4","status":"failed","statusDetails":"1 expectation failed.\nResponse body doesn't match expectation.\nExpected: a string containing \"Invalid pagination parameters\"\n  Actual: Responding with error, status code: 400 (Bad Request).\nDetails: jetbrains.buildServer.server.rest.errors.LocatorProcessException: Invalid locator. Cannot be empty.\nInvalid request. Check locator is specified correctly.\n","time":{"start":1743277904406,"stop":1743277904447,"duration":41}},{"uid":"a13caaf64e5ac0b","reportUrl":"https://ta-ulyanava.github.io/JAVA-teamcity-tests-homeTask/api/33//#testresult/a13caaf64e5ac0b","status":"failed","statusDetails":"1 expectation failed.\nResponse body doesn't match expectation.\nExpected: a string containing \"Invalid pagination parameters\"\n  Actual: Responding with error, status code: 400 (Bad Request).\nDetails: jetbrains.buildServer.server.rest.errors.LocatorProcessException: Invalid locator. Cannot be empty.\nInvalid request. Check locator is specified correctly.\n","time":{"start":1743101900293,"stop":1743101900330,"duration":37}},{"uid":"8133cf60297085d5","reportUrl":"https://ta-ulyanava.github.io/JAVA-teamcity-tests-homeTask/api/32//#testresult/8133cf60297085d5","status":"failed","statusDetails":"1 expectation failed.\nResponse body doesn't match expectation.\nExpected: a string containing \"Invalid pagination parameters\"\n  Actual: Responding with error, status code: 400 (Bad Request).\nDetails: jetbrains.buildServer.server.rest.errors.LocatorProcessException: Invalid locator. Cannot be empty.\nInvalid request. Check locator is specified correctly.\n","time":{"start":1743101804938,"stop":1743101804974,"duration":36}},{"uid":"1ad20df8869695e2","reportUrl":"https://ta-ulyanava.github.io/JAVA-teamcity-tests-homeTask/api/31//#testresult/1ad20df8869695e2","status":"failed","statusDetails":"1 expectation failed.\nResponse body doesn't match expectation.\nExpected: a string containing \"Invalid pagination parameters\"\n  Actual: Responding with error, status code: 400 (Bad Request).\nDetails: jetbrains.buildServer.server.rest.errors.LocatorProcessException: Invalid locator. Cannot be empty.\nInvalid request. Check locator is specified correctly.\n","time":{"start":1743101469167,"stop":1743101469217,"duration":50}}]},"tags":[]},"source":"e867a1b63e7d5ed6.json","parameterValues":[]}