{"uid":"b2f62a94e3b1aa9","name":"User should not be able to create a Project with special characters in ID","fullName":"com.example.teamcity.api.ProjectCrudTest.userCannotCreateProjectWithEachSpecialCharacterInIdTest","historyId":"3b160c9e190b9cd4370cd5b42d533539","time":{"start":1743447519216,"stop":1743447519275,"duration":59},"status":"failed","statusMessage":"1 expectation failed.\nExpected status code <400> but was <500>.\n","statusTrace":"java.lang.AssertionError: 1 expectation failed.\nExpected status code <400> but was <500>.\n\n\tat java.base/jdk.internal.reflect.NativeConstructorAccessorImpl.newInstance0(Native Method)\n\tat java.base/jdk.internal.reflect.NativeConstructorAccessorImpl.newInstance(NativeConstructorAccessorImpl.java:77)\n\tat java.base/jdk.internal.reflect.DelegatingConstructorAccessorImpl.newInstance(DelegatingConstructorAccessorImpl.java:45)\n\tat java.base/java.lang.reflect.Constructor.newInstanceWithCaller(Constructor.java:500)\n\tat java.base/java.lang.reflect.Constructor.newInstance(Constructor.java:481)\n\tat org.codehaus.groovy.reflection.CachedConstructor.invoke(CachedConstructor.java:73)\n\tat org.codehaus.groovy.runtime.callsite.ConstructorSite$ConstructorSiteNoUnwrapNoCoerce.callConstructor(ConstructorSite.java:108)\n\tat org.codehaus.groovy.runtime.callsite.AbstractCallSite.callConstructor(AbstractCallSite.java:277)\n\tat io.restassured.internal.ResponseSpecificationImpl$HamcrestAssertionClosure.validate(ResponseSpecificationImpl.groovy:512)\n\tat io.restassured.internal.ResponseSpecificationImpl$HamcrestAssertionClosure$validate$1.call(Unknown Source)\n\tat io.restassured.internal.ResponseSpecificationImpl.validate(ResponseSpecificationImpl.groovy:101)\n\tat io.restassured.internal.ValidatableResponseOptionsImpl.spec(ValidatableResponseOptionsImpl.java:288)\n\tat com.example.teamcity.api.ProjectCrudTest.userCannotCreateProjectWithEachSpecialCharacterInIdTest(ProjectCrudTest.java:167)\n\tat java.base/jdk.internal.reflect.NativeMethodAccessorImpl.invoke0(Native Method)\n\tat java.base/jdk.internal.reflect.NativeMethodAccessorImpl.invoke(NativeMethodAccessorImpl.java:77)\n\tat java.base/jdk.internal.reflect.DelegatingMethodAccessorImpl.invoke(DelegatingMethodAccessorImpl.java:43)\n\tat java.base/java.lang.reflect.Method.invoke(Method.java:569)\n\tat org.testng.internal.invokers.MethodInvocationHelper.invokeMethod(MethodInvocationHelper.java:141)\n\tat org.testng.internal.invokers.TestInvoker.invokeMethod(TestInvoker.java:686)\n\tat org.testng.internal.invokers.TestInvoker.invokeTestMethod(TestInvoker.java:230)\n\tat org.testng.internal.invokers.MethodRunner.runInSequence(MethodRunner.java:63)\n\tat org.testng.internal.invokers.TestInvoker$MethodInvocationAgent.invoke(TestInvoker.java:992)\n\tat org.testng.internal.invokers.TestInvoker.invokeTestMethods(TestInvoker.java:203)\n\tat org.testng.internal.invokers.TestMethodWorker.invokeTestMethods(TestMethodWorker.java:154)\n\tat org.testng.internal.invokers.TestMethodWorker.run(TestMethodWorker.java:134)\n\tat java.base/java.util.ArrayList.forEach(ArrayList.java:1511)\n\tat org.testng.TestRunner.privateRun(TestRunner.java:739)\n\tat org.testng.TestRunner.run(TestRunner.java:614)\n\tat org.testng.SuiteRunner.runTest(SuiteRunner.java:421)\n\tat org.testng.SuiteRunner.runSequentially(SuiteRunner.java:413)\n\tat org.testng.SuiteRunner.privateRun(SuiteRunner.java:373)\n\tat org.testng.SuiteRunner.run(SuiteRunner.java:312)\n\tat org.testng.SuiteRunnerWorker.runSuite(SuiteRunnerWorker.java:52)\n\tat org.testng.SuiteRunnerWorker.run(SuiteRunnerWorker.java:95)\n\tat org.testng.TestNG.runSuitesSequentially(TestNG.java:1274)\n\tat org.testng.TestNG.runSuitesLocally(TestNG.java:1208)\n\tat org.testng.TestNG.runSuites(TestNG.java:1112)\n\tat org.testng.TestNG.run(TestNG.java:1079)\n\tat org.apache.maven.surefire.testng.TestNGExecutor.run(TestNGExecutor.java:151)\n\tat org.apache.maven.surefire.testng.TestNGDirectoryTestSuite.executeMulti(TestNGDirectoryTestSuite.java:192)\n\tat org.apache.maven.surefire.testng.TestNGDirectoryTestSuite.execute(TestNGDirectoryTestSuite.java:93)\n\tat org.apache.maven.surefire.testng.TestNGProvider.invoke(TestNGProvider.java:155)\n\tat org.apache.maven.surefire.booter.ForkedBooter.runSuitesInProcess(ForkedBooter.java:456)\n\tat org.apache.maven.surefire.booter.ForkedBooter.execute(ForkedBooter.java:169)\n\tat org.apache.maven.surefire.booter.ForkedBooter.run(ForkedBooter.java:595)\n\tat org.apache.maven.surefire.booter.ForkedBooter.main(ForkedBooter.java:581)\n","flaky":false,"newFailed":false,"newBroken":false,"newPassed":false,"retriesCount":0,"retriesStatusChange":false,"beforeStages":[{"name":"beforeTest","time":{"start":1743447519134,"stop":1743447519135,"duration":1},"description":"","status":"passed","steps":[{"name":"Generate TestData with all nested BaseModel fields","time":{"start":1743447519134,"stop":1743447519135,"duration":1},"status":"passed","steps":[{"name":"Generate instance of class class com.example.teamcity.api.models.Project","time":{"start":1743447519134,"stop":1743447519134,"duration":0},"status":"passed","steps":[{"name":"Generate random string with default prefix","time":{"start":1743447519134,"stop":1743447519134,"duration":0},"status":"passed","steps":[],"attachments":[],"parameters":[],"shouldDisplayMessage":false,"stepsCount":0,"attachmentsCount":0,"hasContent":false},{"name":"Generate random string with default prefix","time":{"start":1743447519134,"stop":1743447519134,"duration":0},"status":"passed","steps":[],"attachments":[],"parameters":[],"shouldDisplayMessage":false,"stepsCount":0,"attachmentsCount":0,"hasContent":false}],"attachments":[],"parameters":[{"name":"generatedModels","value":"[]"},{"name":"generatorClass","value":"class com.example.teamcity.api.models.Project"},{"name":"parameters","value":"[]"}],"shouldDisplayMessage":false,"stepsCount":2,"attachmentsCount":0,"hasContent":true},{"name":"Generate instance of class class com.example.teamcity.api.models.User","time":{"start":1743447519134,"stop":1743447519135,"duration":1},"status":"passed","steps":[{"name":"Generate random string with default prefix","time":{"start":1743447519134,"stop":1743447519134,"duration":0},"status":"passed","steps":[],"attachments":[],"parameters":[],"shouldDisplayMessage":false,"stepsCount":0,"attachmentsCount":0,"hasContent":false},{"name":"Generate random string with default prefix","time":{"start":1743447519134,"stop":1743447519134,"duration":0},"status":"passed","steps":[],"attachments":[],"parameters":[],"shouldDisplayMessage":false,"stepsCount":0,"attachmentsCount":0,"hasContent":false},{"name":"Generate instance of class class com.example.teamcity.api.models.Roles","time":{"start":1743447519134,"stop":1743447519135,"duration":1},"status":"passed","steps":[{"name":"Generate instance of class class com.example.teamcity.api.models.Role","time":{"start":1743447519135,"stop":1743447519135,"duration":0},"status":"passed","steps":[],"attachments":[],"parameters":[{"name":"generatedModels","value":"[Project(id=test_PxjUkOzm84, name=test_YvaZWJ5nwF, parentProject=null, copyAllAssociatedSettings=null, projectsIdsMap=null, buildTypesIdsMap=null, vcsRootsIdsMap=null, sourceProject=null)]"},{"name":"generatorClass","value":"class com.example.teamcity.api.models.Role"},{"name":"parameters","value":"[]"}],"shouldDisplayMessage":false,"stepsCount":0,"attachmentsCount":0,"hasContent":true}],"attachments":[],"parameters":[{"name":"generatedModels","value":"[Project(id=test_PxjUkOzm84, name=test_YvaZWJ5nwF, parentProject=null, copyAllAssociatedSettings=null, projectsIdsMap=null, buildTypesIdsMap=null, vcsRootsIdsMap=null, sourceProject=null)]"},{"name":"generatorClass","value":"class com.example.teamcity.api.models.Roles"},{"name":"parameters","value":"[]"}],"shouldDisplayMessage":false,"stepsCount":1,"attachmentsCount":0,"hasContent":true}],"attachments":[],"parameters":[{"name":"generatedModels","value":"[Project(id=test_PxjUkOzm84, name=test_YvaZWJ5nwF, parentProject=null, copyAllAssociatedSettings=null, projectsIdsMap=null, buildTypesIdsMap=null, vcsRootsIdsMap=null, sourceProject=null)]"},{"name":"generatorClass","value":"class com.example.teamcity.api.models.User"},{"name":"parameters","value":"[]"}],"shouldDisplayMessage":false,"stepsCount":4,"attachmentsCount":0,"hasContent":true},{"name":"Generate instance of class class com.example.teamcity.api.models.BuildType","time":{"start":1743447519135,"stop":1743447519135,"duration":0},"status":"passed","steps":[{"name":"Generate random string with default prefix","time":{"start":1743447519135,"stop":1743447519135,"duration":0},"status":"passed","steps":[],"attachments":[],"parameters":[],"shouldDisplayMessage":false,"stepsCount":0,"attachmentsCount":0,"hasContent":false},{"name":"Generate random string with default prefix","time":{"start":1743447519135,"stop":1743447519135,"duration":0},"status":"passed","steps":[],"attachments":[],"parameters":[],"shouldDisplayMessage":false,"stepsCount":0,"attachmentsCount":0,"hasContent":false}],"attachments":[],"parameters":[{"name":"generatedModels","value":"[Project(id=test_PxjUkOzm84, name=test_YvaZWJ5nwF, parentProject=null, copyAllAssociatedSettings=null, projectsIdsMap=null, buildTypesIdsMap=null, vcsRootsIdsMap=null, sourceProject=null), User(id=0, username=test_ZtZi2AaqBF, password=test_ev7ePSdZuv, roles=Roles(role=[Role(roleId=SYSTEM_ADMIN, scope=g)]))]"},{"name":"generatorClass","value":"class com.example.teamcity.api.models.BuildType"},{"name":"parameters","value":"[]"}],"shouldDisplayMessage":false,"stepsCount":2,"attachmentsCount":0,"hasContent":true}],"attachments":[],"parameters":[],"shouldDisplayMessage":false,"stepsCount":11,"attachmentsCount":0,"hasContent":true}],"attachments":[],"parameters":[],"shouldDisplayMessage":false,"stepsCount":12,"attachmentsCount":0,"hasContent":true},{"name":"configureUserRequests","time":{"start":1743447519135,"stop":1743447519214,"duration":79},"description":"","status":"passed","steps":[{"name":"Generate TestData with all nested BaseModel fields","time":{"start":1743447519135,"stop":1743447519136,"duration":1},"status":"passed","steps":[{"name":"Generate instance of class class com.example.teamcity.api.models.Project","time":{"start":1743447519135,"stop":1743447519136,"duration":1},"status":"passed","steps":[{"name":"Generate random string with default prefix","time":{"start":1743447519135,"stop":1743447519135,"duration":0},"status":"passed","steps":[],"attachments":[],"parameters":[],"shouldDisplayMessage":false,"stepsCount":0,"attachmentsCount":0,"hasContent":false},{"name":"Generate random string with default prefix","time":{"start":1743447519136,"stop":1743447519136,"duration":0},"status":"passed","steps":[],"attachments":[],"parameters":[],"shouldDisplayMessage":false,"stepsCount":0,"attachmentsCount":0,"hasContent":false}],"attachments":[],"parameters":[{"name":"generatedModels","value":"[]"},{"name":"generatorClass","value":"class com.example.teamcity.api.models.Project"},{"name":"parameters","value":"[]"}],"shouldDisplayMessage":false,"stepsCount":2,"attachmentsCount":0,"hasContent":true},{"name":"Generate instance of class class com.example.teamcity.api.models.User","time":{"start":1743447519136,"stop":1743447519136,"duration":0},"status":"passed","steps":[{"name":"Generate random string with default prefix","time":{"start":1743447519136,"stop":1743447519136,"duration":0},"status":"passed","steps":[],"attachments":[],"parameters":[],"shouldDisplayMessage":false,"stepsCount":0,"attachmentsCount":0,"hasContent":false},{"name":"Generate random string with default prefix","time":{"start":1743447519136,"stop":1743447519136,"duration":0},"status":"passed","steps":[],"attachments":[],"parameters":[],"shouldDisplayMessage":false,"stepsCount":0,"attachmentsCount":0,"hasContent":false},{"name":"Generate instance of class class com.example.teamcity.api.models.Roles","time":{"start":1743447519136,"stop":1743447519136,"duration":0},"status":"passed","steps":[{"name":"Generate instance of class class com.example.teamcity.api.models.Role","time":{"start":1743447519136,"stop":1743447519136,"duration":0},"status":"passed","steps":[],"attachments":[],"parameters":[{"name":"generatedModels","value":"[Project(id=test_D7mIHlhbIc, name=test_CXObRkzOWR, parentProject=null, copyAllAssociatedSettings=null, projectsIdsMap=null, buildTypesIdsMap=null, vcsRootsIdsMap=null, sourceProject=null)]"},{"name":"generatorClass","value":"class com.example.teamcity.api.models.Role"},{"name":"parameters","value":"[]"}],"shouldDisplayMessage":false,"stepsCount":0,"attachmentsCount":0,"hasContent":true}],"attachments":[],"parameters":[{"name":"generatedModels","value":"[Project(id=test_D7mIHlhbIc, name=test_CXObRkzOWR, parentProject=null, copyAllAssociatedSettings=null, projectsIdsMap=null, buildTypesIdsMap=null, vcsRootsIdsMap=null, sourceProject=null)]"},{"name":"generatorClass","value":"class com.example.teamcity.api.models.Roles"},{"name":"parameters","value":"[]"}],"shouldDisplayMessage":false,"stepsCount":1,"attachmentsCount":0,"hasContent":true}],"attachments":[],"parameters":[{"name":"generatedModels","value":"[Project(id=test_D7mIHlhbIc, name=test_CXObRkzOWR, parentProject=null, copyAllAssociatedSettings=null, projectsIdsMap=null, buildTypesIdsMap=null, vcsRootsIdsMap=null, sourceProject=null)]"},{"name":"generatorClass","value":"class com.example.teamcity.api.models.User"},{"name":"parameters","value":"[]"}],"shouldDisplayMessage":false,"stepsCount":4,"attachmentsCount":0,"hasContent":true},{"name":"Generate instance of class class com.example.teamcity.api.models.BuildType","time":{"start":1743447519136,"stop":1743447519136,"duration":0},"status":"passed","steps":[{"name":"Generate random string with default prefix","time":{"start":1743447519136,"stop":1743447519136,"duration":0},"status":"passed","steps":[],"attachments":[],"parameters":[],"shouldDisplayMessage":false,"stepsCount":0,"attachmentsCount":0,"hasContent":false},{"name":"Generate random string with default prefix","time":{"start":1743447519136,"stop":1743447519136,"duration":0},"status":"passed","steps":[],"attachments":[],"parameters":[],"shouldDisplayMessage":false,"stepsCount":0,"attachmentsCount":0,"hasContent":false}],"attachments":[],"parameters":[{"name":"generatedModels","value":"[Project(id=test_D7mIHlhbIc, name=test_CXObRkzOWR, parentProject=null, copyAllAssociatedSettings=null, projectsIdsMap=null, buildTypesIdsMap=null, vcsRootsIdsMap=null, sourceProject=null), User(id=0, username=test_L4yiO5YJ1W, password=test_p4cJk4cZ1Y, roles=Roles(role=[Role(roleId=SYSTEM_ADMIN, scope=g)]))]"},{"name":"generatorClass","value":"class com.example.teamcity.api.models.BuildType"},{"name":"parameters","value":"[]"}],"shouldDisplayMessage":false,"stepsCount":2,"attachmentsCount":0,"hasContent":true}],"attachments":[],"parameters":[],"shouldDisplayMessage":false,"stepsCount":11,"attachmentsCount":0,"hasContent":true},{"name":"Get UncheckedBase for USERS","time":{"start":1743447519136,"stop":1743447519136,"duration":0},"status":"passed","steps":[],"attachments":[],"parameters":[{"name":"apiEndpoint","value":"USERS"}],"shouldDisplayMessage":false,"stepsCount":0,"attachmentsCount":0,"hasContent":true},{"name":"Create entity: User(id=0, username=test_L4yiO5YJ1W, password=test_p4cJk4cZ1Y, roles=Roles(role=[Role(roleId=SYSTEM_ADMIN, scope=g)]))","time":{"start":1743447519136,"stop":1743447519207,"duration":71},"status":"passed","steps":[],"attachments":[],"parameters":[{"name":"model","value":"User(id=0, username=test_L4yiO5YJ1W, password=test_p4cJk4cZ1Y, roles=Roles(role=[Role(roleId=SYSTEM_ADMIN, scope=g)]))"}],"shouldDisplayMessage":false,"stepsCount":0,"attachmentsCount":0,"hasContent":true},{"name":"Extract single model of type class com.example.teamcity.api.models.User","time":{"start":1743447519207,"stop":1743447519213,"duration":6},"status":"passed","steps":[],"attachments":[],"parameters":[{"name":"response","value":"io.restassured.internal.RestAssuredResponseImpl@64cbc28e"},{"name":"modelClass","value":"class com.example.teamcity.api.models.User"}],"shouldDisplayMessage":false,"stepsCount":0,"attachmentsCount":0,"hasContent":true},{"name":"Add created entity with ID '15' to storage under USERS","time":{"start":1743447519213,"stop":1743447519213,"duration":0},"status":"passed","steps":[],"attachments":[],"parameters":[{"name":"apiEndpoint","value":"USERS"},{"name":"id","value":"15"}],"shouldDisplayMessage":false,"stepsCount":0,"attachmentsCount":0,"hasContent":true},{"name":"Build request specification with user authentication","time":{"start":1743447519213,"stop":1743447519214,"duration":1},"status":"passed","steps":[],"attachments":[],"parameters":[{"name":"user","value":"User(id=0, username=test_L4yiO5YJ1W, password=test_p4cJk4cZ1Y, roles=Roles(role=[Role(roleId=SYSTEM_ADMIN, scope=g)]))"}],"shouldDisplayMessage":false,"stepsCount":0,"attachmentsCount":0,"hasContent":true},{"name":"Build request specification with user authentication","time":{"start":1743447519214,"stop":1743447519214,"duration":0},"status":"passed","steps":[],"attachments":[],"parameters":[{"name":"user","value":"User(id=0, username=test_L4yiO5YJ1W, password=test_p4cJk4cZ1Y, roles=Roles(role=[Role(roleId=SYSTEM_ADMIN, scope=g)]))"}],"shouldDisplayMessage":false,"stepsCount":0,"attachmentsCount":0,"hasContent":true}],"attachments":[],"parameters":[],"shouldDisplayMessage":false,"stepsCount":18,"attachmentsCount":0,"hasContent":true}],"testStage":{"status":"failed","statusMessage":"1 expectation failed.\nExpected status code <400> but was <500>.\n","statusTrace":"java.lang.AssertionError: 1 expectation failed.\nExpected status code <400> but was <500>.\n\n\tat java.base/jdk.internal.reflect.NativeConstructorAccessorImpl.newInstance0(Native Method)\n\tat java.base/jdk.internal.reflect.NativeConstructorAccessorImpl.newInstance(NativeConstructorAccessorImpl.java:77)\n\tat java.base/jdk.internal.reflect.DelegatingConstructorAccessorImpl.newInstance(DelegatingConstructorAccessorImpl.java:45)\n\tat java.base/java.lang.reflect.Constructor.newInstanceWithCaller(Constructor.java:500)\n\tat java.base/java.lang.reflect.Constructor.newInstance(Constructor.java:481)\n\tat org.codehaus.groovy.reflection.CachedConstructor.invoke(CachedConstructor.java:73)\n\tat org.codehaus.groovy.runtime.callsite.ConstructorSite$ConstructorSiteNoUnwrapNoCoerce.callConstructor(ConstructorSite.java:108)\n\tat org.codehaus.groovy.runtime.callsite.AbstractCallSite.callConstructor(AbstractCallSite.java:277)\n\tat io.restassured.internal.ResponseSpecificationImpl$HamcrestAssertionClosure.validate(ResponseSpecificationImpl.groovy:512)\n\tat io.restassured.internal.ResponseSpecificationImpl$HamcrestAssertionClosure$validate$1.call(Unknown Source)\n\tat io.restassured.internal.ResponseSpecificationImpl.validate(ResponseSpecificationImpl.groovy:101)\n\tat io.restassured.internal.ValidatableResponseOptionsImpl.spec(ValidatableResponseOptionsImpl.java:288)\n\tat com.example.teamcity.api.ProjectCrudTest.userCannotCreateProjectWithEachSpecialCharacterInIdTest(ProjectCrudTest.java:167)\n\tat java.base/jdk.internal.reflect.NativeMethodAccessorImpl.invoke0(Native Method)\n\tat java.base/jdk.internal.reflect.NativeMethodAccessorImpl.invoke(NativeMethodAccessorImpl.java:77)\n\tat java.base/jdk.internal.reflect.DelegatingMethodAccessorImpl.invoke(DelegatingMethodAccessorImpl.java:43)\n\tat java.base/java.lang.reflect.Method.invoke(Method.java:569)\n\tat org.testng.internal.invokers.MethodInvocationHelper.invokeMethod(MethodInvocationHelper.java:141)\n\tat org.testng.internal.invokers.TestInvoker.invokeMethod(TestInvoker.java:686)\n\tat org.testng.internal.invokers.TestInvoker.invokeTestMethod(TestInvoker.java:230)\n\tat org.testng.internal.invokers.MethodRunner.runInSequence(MethodRunner.java:63)\n\tat org.testng.internal.invokers.TestInvoker$MethodInvocationAgent.invoke(TestInvoker.java:992)\n\tat org.testng.internal.invokers.TestInvoker.invokeTestMethods(TestInvoker.java:203)\n\tat org.testng.internal.invokers.TestMethodWorker.invokeTestMethods(TestMethodWorker.java:154)\n\tat org.testng.internal.invokers.TestMethodWorker.run(TestMethodWorker.java:134)\n\tat java.base/java.util.ArrayList.forEach(ArrayList.java:1511)\n\tat org.testng.TestRunner.privateRun(TestRunner.java:739)\n\tat org.testng.TestRunner.run(TestRunner.java:614)\n\tat org.testng.SuiteRunner.runTest(SuiteRunner.java:421)\n\tat org.testng.SuiteRunner.runSequentially(SuiteRunner.java:413)\n\tat org.testng.SuiteRunner.privateRun(SuiteRunner.java:373)\n\tat org.testng.SuiteRunner.run(SuiteRunner.java:312)\n\tat org.testng.SuiteRunnerWorker.runSuite(SuiteRunnerWorker.java:52)\n\tat org.testng.SuiteRunnerWorker.run(SuiteRunnerWorker.java:95)\n\tat org.testng.TestNG.runSuitesSequentially(TestNG.java:1274)\n\tat org.testng.TestNG.runSuitesLocally(TestNG.java:1208)\n\tat org.testng.TestNG.runSuites(TestNG.java:1112)\n\tat org.testng.TestNG.run(TestNG.java:1079)\n\tat org.apache.maven.surefire.testng.TestNGExecutor.run(TestNGExecutor.java:151)\n\tat org.apache.maven.surefire.testng.TestNGDirectoryTestSuite.executeMulti(TestNGDirectoryTestSuite.java:192)\n\tat org.apache.maven.surefire.testng.TestNGDirectoryTestSuite.execute(TestNGDirectoryTestSuite.java:93)\n\tat org.apache.maven.surefire.testng.TestNGProvider.invoke(TestNGProvider.java:155)\n\tat org.apache.maven.surefire.booter.ForkedBooter.runSuitesInProcess(ForkedBooter.java:456)\n\tat org.apache.maven.surefire.booter.ForkedBooter.execute(ForkedBooter.java:169)\n\tat org.apache.maven.surefire.booter.ForkedBooter.run(ForkedBooter.java:595)\n\tat org.apache.maven.surefire.booter.ForkedBooter.main(ForkedBooter.java:581)\n","steps":[{"name":"Generate random string with default prefix","time":{"start":1743447519216,"stop":1743447519216,"duration":0},"status":"passed","steps":[],"attachments":[],"parameters":[],"shouldDisplayMessage":false,"stepsCount":0,"attachmentsCount":0,"hasContent":false},{"name":"Generate instance of class class com.example.teamcity.api.models.Project","time":{"start":1743447519217,"stop":1743447519217,"duration":0},"status":"passed","steps":[],"attachments":[],"parameters":[{"name":"generatedModels","value":"[]"},{"name":"generatorClass","value":"class com.example.teamcity.api.models.Project"},{"name":"parameters","value":"[test_{, test_SYxj0EN5nK]"}],"shouldDisplayMessage":false,"stepsCount":0,"attachmentsCount":0,"hasContent":true},{"name":"Get UncheckedBase for PROJECTS","time":{"start":1743447519217,"stop":1743447519217,"duration":0},"status":"passed","steps":[],"attachments":[],"parameters":[{"name":"apiEndpoint","value":"PROJECTS"}],"shouldDisplayMessage":false,"stepsCount":0,"attachmentsCount":0,"hasContent":true},{"name":"Create entity: Project(id=test_{, name=test_SYxj0EN5nK, parentProject=null, copyAllAssociatedSettings=null, projectsIdsMap=null, buildTypesIdsMap=null, vcsRootsIdsMap=null, sourceProject=null)","time":{"start":1743447519217,"stop":1743447519274,"duration":57},"status":"passed","steps":[],"attachments":[],"parameters":[{"name":"model","value":"Project(id=test_{, name=test_SYxj0EN5nK, parentProject=null, copyAllAssociatedSettings=null, projectsIdsMap=null, buildTypesIdsMap=null, vcsRootsIdsMap=null, sourceProject=null)"}],"shouldDisplayMessage":false,"stepsCount":0,"attachmentsCount":0,"hasContent":true},{"name":"Expect 400 Bad Request due to unsupported character '{' in field 'ID'","time":{"start":1743447519274,"stop":1743447519274,"duration":0},"status":"passed","steps":[],"attachments":[],"parameters":[{"name":"entityType","value":"Project"},{"name":"field","value":"ID"},{"name":"value","value":"test_{"},{"name":"character","value":"{"}],"shouldDisplayMessage":false,"stepsCount":0,"attachmentsCount":0,"hasContent":true}],"attachments":[],"parameters":[],"shouldDisplayMessage":true,"stepsCount":5,"attachmentsCount":0,"hasContent":true},"afterStages":[{"name":"afterTest","time":{"start":1743447519277,"stop":1743447519296,"duration":19},"description":"","status":"passed","steps":[{"name":"Delete all tracked created entities","time":{"start":1743447519277,"stop":1743447519296,"duration":19},"status":"passed","steps":[{"name":"Build request specification with super user token","time":{"start":1743447519278,"stop":1743447519278,"duration":0},"status":"passed","steps":[],"attachments":[],"parameters":[],"shouldDisplayMessage":false,"stepsCount":0,"attachmentsCount":0,"hasContent":false},{"name":"Delete entity with locator 15","time":{"start":1743447519278,"stop":1743447519296,"duration":18},"status":"passed","steps":[],"attachments":[],"parameters":[{"name":"locator","value":"15"}],"shouldDisplayMessage":false,"stepsCount":0,"attachmentsCount":0,"hasContent":true}],"attachments":[],"parameters":[],"shouldDisplayMessage":false,"stepsCount":2,"attachmentsCount":0,"hasContent":true}],"attachments":[],"parameters":[],"shouldDisplayMessage":false,"stepsCount":3,"attachmentsCount":0,"hasContent":true}],"labels":[{"name":"package","value":"com.example.teamcity.api.ProjectCrudTest"},{"name":"testClass","value":"com.example.teamcity.api.ProjectCrudTest"},{"name":"testMethod","value":"userCannotCreateProjectWithEachSpecialCharacterInIdTest"},{"name":"parentSuite","value":"Surefire suite"},{"name":"suite","value":"Surefire test"},{"name":"subSuite","value":"com.example.teamcity.api.ProjectCrudTest"},{"name":"host","value":"fv-az1341-353"},{"name":"thread","value":"4172@fv-az1341-353.main(1)"},{"name":"framework","value":"testng"},{"name":"language","value":"java"},{"name":"feature","value":"Project ID Validation"},{"name":"story","value":"Special Characters in Project ID"},{"name":"resultFormat","value":"allure2"}],"parameters":[{"name":"arg0","value":"{"}],"links":[{"name":"Bug in API: 500 error is returned","type":"issue"}],"hidden":false,"retry":false,"extra":{"severity":"normal","retries":[],"categories":[{"name":"Product defects","matchedStatuses":[],"flaky":false}],"history":{"statistic":{"failed":7,"broken":0,"skipped":0,"passed":0,"unknown":0,"total":7},"items":[{"uid":"54fdee85f5ce77a8","reportUrl":"https://ta-ulyanava.github.io/JAVA-teamcity-tests-homeTask/api/57//#testresult/54fdee85f5ce77a8","status":"failed","statusDetails":"1 expectation failed.\nExpected status code <400> but was <500>.\n","time":{"start":1743447022716,"stop":1743447022774,"duration":58}},{"uid":"aa7cfc01884204b9","reportUrl":"https://ta-ulyanava.github.io/JAVA-teamcity-tests-homeTask/api/56//#testresult/aa7cfc01884204b9","status":"failed","statusDetails":"1 expectation failed.\nExpected status code <400> but was <500>.\n","time":{"start":1743446367595,"stop":1743446367661,"duration":66}},{"uid":"d8382af8f5f61691","reportUrl":"https://ta-ulyanava.github.io/JAVA-teamcity-tests-homeTask/api/55//#testresult/d8382af8f5f61691","status":"failed","statusDetails":"1 expectation failed.\nExpected status code <400> but was <500>.\n","time":{"start":1743441808229,"stop":1743441808325,"duration":96}},{"uid":"5fb67e916a9dcd8a","reportUrl":"https://ta-ulyanava.github.io/JAVA-teamcity-tests-homeTask/api/54//#testresult/5fb67e916a9dcd8a","status":"failed","statusDetails":"1 expectation failed.\nExpected status code <400> but was <500>.\n","time":{"start":1743441095005,"stop":1743441095054,"duration":49}},{"uid":"6ea186ad14f8f048","reportUrl":"https://ta-ulyanava.github.io/JAVA-teamcity-tests-homeTask/api/53//#testresult/6ea186ad14f8f048","status":"failed","statusDetails":"1 expectation failed.\nExpected status code <400> but was <500>.\n","time":{"start":1743403405003,"stop":1743403405042,"duration":39}},{"uid":"1095971a0c772438","reportUrl":"https://ta-ulyanava.github.io/JAVA-teamcity-tests-homeTask/api/52//#testresult/1095971a0c772438","status":"failed","statusDetails":"1 expectation failed.\nExpected status code <400> but was <500>.\n","time":{"start":1743402041619,"stop":1743402041662,"duration":43}}]},"tags":[]},"source":"b2f62a94e3b1aa9.json","parameterValues":["{"]}